In file included from [01m[K/home/ws/src/tesi/src/octo_benchmark.cpp:3[m[K:
[01m[K/opt/ros/humble/include/rclcpp/rclcpp/rclcpp.hpp:155:10:[m[K [01;31m[Kfatal error: [m[Krclcpp/executors.hpp: No such file or directory
  155 | #include [01;31m[K"rclcpp/executors.hpp"[m[K
      |          [01;31m[K^~~~~~~~~~~~~~~~~~~~~~[m[K
compilation terminated.
gmake[2]: *** [CMakeFiles/octo_benchmark.dir/build.make:76: CMakeFiles/octo_benchmark.dir/tesi/src/octo_benchmark.cpp.o] Error 1
gmake[1]: *** [CMakeFiles/Makefile2:193: CMakeFiles/octo_benchmark.dir/all] Error 2
gmake: *** [Makefile:146: all] Error 2
