[0.009s] Invoking command in '/home/ws/build/tesi': CMAKE_PREFIX_PATH=/opt/ros/humble /usr/bin/cmake --build /home/ws/build/tesi -- -j12 -l12
[0.044s] [35m[1mConsolidate compiler generated dependencies of target octo_planner[0m
[0.050s] [ 16%] [32mBuilding CXX object CMakeFiles/octo_benchmark.dir/tesi/src/octo_benchmark.cpp.o[0m
[0.056s] [ 50%] Built target octo_publisher
[0.062s] [ 83%] Built target octo_planner
[0.077s] In file included from [01m[K/home/ws/src/tesi/src/octo_benchmark.cpp:3[m[K:
[0.077s] [01m[K/opt/ros/humble/include/rclcpp/rclcpp/rclcpp.hpp:155:10:[m[K [01;31m[Kfatal error: [m[Krclcpp/executors.hpp: No such file or directory
[0.077s]   155 | #include [01;31m[K"rclcpp/executors.hpp"[m[K
[0.077s]       |          [01;31m[K^~~~~~~~~~~~~~~~~~~~~~[m[K
[0.077s] compilation terminated.
[0.078s] gmake[2]: *** [CMakeFiles/octo_benchmark.dir/build.make:76: CMakeFiles/octo_benchmark.dir/tesi/src/octo_benchmark.cpp.o] Error 1
[0.078s] gmake[1]: *** [CMakeFiles/Makefile2:193: CMakeFiles/octo_benchmark.dir/all] Error 2
[0.078s] gmake: *** [Makefile:146: all] Error 2
[0.081s] Invoked command in '/home/ws/build/tesi' returned '2': CMAKE_PREFIX_PATH=/opt/ros/humble /usr/bin/cmake --build /home/ws/build/tesi -- -j12 -l12
