[0.009s] Invoking command in '/home/ws/build/tesi': CMAKE_PREFIX_PATH=/opt/ros/humble /usr/bin/cmake --build /home/ws/build/tesi -- -j12 -l12
[0.041s] [35m[1mConsolidate compiler generated dependencies of target octo_benchmark[0m
[0.048s] [ 33%] Built target octo_publisher
[0.049s] [ 66%] Built target octo_planner
[0.064s] [ 83%] [32mBuilding CXX object CMakeFiles/octo_benchmark.dir/tesi/src/octo_benchmark.cpp.o[0m
[3.895s] [01m[K/home/ws/src/tesi/src/octo_benchmark.cpp:[m[K In member function â€˜[01m[Kvoid OctoPlanner::octo_callback(const Octomap&)[m[Kâ€™:
[3.896s] [01m[K/home/ws/src/tesi/src/octo_benchmark.cpp:139:37:[m[K [01;31m[Kerror: [m[Kcannot convert â€˜[01m[KOctoPlanner::octo_callback(const Octomap&)::<lambda(const PlannerPtr&, ompl::tools::Benchmark::RunProperties&)>[m[Kâ€™ to â€˜[01m[Kconst string&[m[Kâ€™ {aka â€˜[01m[Kconst std::__cxx11::basic_string<char>&[m[Kâ€™}
[3.896s]   139 |             [01;31m[Kb.addExperimentParameter("clearance", "REAL", [&](const ob::PlannerPtr &planner, ot::Benchmark::RunProperties &run)[m[K
[3.896s]       |             [01;31m[K~~~~~~~~~~~~~~~~~~~~~~~~^~~~~~~~~~~~~~~~~~~~~~~~~~~~~~~~~~~~~~~~~~~~~~~~~~~~~~~~~~~~~~~~~~~~~~~~~~~~~~~~~~~~~~~~~~~[m[K
[3.896s]   140 | [01;31m[K            {[m[K
[3.896s]       |             [01;31m[K~[m[K                        
[3.896s]   141 | [01;31m[K                auto *path = planner->getProblemDefinition()->getSolutionPath()->as<og::PathGeometric>();[m[K
[3.896s]       |                 [01;31m[K~~~~~~~~~~~~~~~~~~~~~~~~~~~~~~~~~~~~~~~~~~~~~~~~~~~~~~~~~~~~~~~~~~~~~~~~~~~~~~~~~~~~~~~~~[m[K
[3.896s]   142 | [01;31m[K                double minClearance = std::numeric_limits<double>::max();[m[K
[3.896s]       |                 [01;31m[K~~~~~~~~~~~~~~~~~~~~~~~~~~~~~~~~~~~~~~~~~~~~~~~~~~~~~~~~~[m[K
[3.896s]   143 | 
[3.896s]       |                                      
[3.896s]   144 | [01;31m[K                for ( auto &state : path->getStates()) {[m[K
[3.896s]       |                 [01;31m[K~~~~~~~~~~~~~~~~~~~~~~~~~~~~~~~~~~~~~~~~[m[K
[3.896s]   145 | [01;31m[K                    double clearance = calculateClearance(state, distmap);[m[K
[3.896s]       |                     [01;31m[K~~~~~~~~~~~~~~~~~~~~~~~~~~~~~~~~~~~~~~~~~~~~~~~~~~~~~~[m[K
[3.896s]   146 | [01;31m[K                    if (clearance < minClearance)[m[K
[3.896s]       |                     [01;31m[K~~~~~~~~~~~~~~~~~~~~~~~~~~~~~[m[K
[3.896s]   147 | [01;31m[K                        minClearance = clearance;[m[K
[3.896s]       |                         [01;31m[K~~~~~~~~~~~~~~~~~~~~~~~~~[m[K
[3.896s]   148 | [01;31m[K                }[m[K
[3.896s]       |                 [01;31m[K~[m[K                    
[3.896s]   149 | 
[3.896s]       |                                      
[3.897s]   150 | [01;31m[K                run["clearance REAL"] = std::to_string(minClearance); // Salva la clearance minima[m[K
[3.897s]       |                 [01;31m[K~~~~~~~~~~~~~~~~~~~~~~~~~~~~~~~~~~~~~~~~~~~~~~~~~~~~~~~~~~~~~~~~~~~~~~~~~~~~~~~~~~[m[K
[3.897s]   151 | [01;31m[K            })[m[K;
[3.897s]       |             [01;31m[K~~[m[K                       
[3.897s] In file included from [01m[K/home/ws/src/tesi/src/octo_benchmark.cpp:18[m[K:
[3.897s] [01m[K/usr/include/ompl-1.5/ompl/tools/benchmark/Benchmark.h:218:110:[m[K [01;36m[Knote: [m[K  initializing argument 3 of â€˜[01m[Kvoid ompl::tools::Benchmark::addExperimentParameter(const string&, const string&, const string&)[m[Kâ€™
[3.897s]   218 |             void addExperimentParameter(const std::string &name, const std::string &type, [01;36m[Kconst std::string &value[m[K)
[3.897s]       |                                                                                           [01;36m[K~~~~~~~~~~~~~~~~~~~^~~~~[m[K
[6.605s] gmake[2]: *** [CMakeFiles/octo_benchmark.dir/build.make:76: CMakeFiles/octo_benchmark.dir/tesi/src/octo_benchmark.cpp.o] Error 1
[6.605s] gmake[1]: *** [CMakeFiles/Makefile2:193: CMakeFiles/octo_benchmark.dir/all] Error 2
[6.605s] gmake: *** [Makefile:146: all] Error 2
[6.607s] Invoked command in '/home/ws/build/tesi' returned '2': CMAKE_PREFIX_PATH=/opt/ros/humble /usr/bin/cmake --build /home/ws/build/tesi -- -j12 -l12
