[0.009s] Invoking command in '/home/ws/build/tesi': CMAKE_PREFIX_PATH=/opt/ros/humble /usr/bin/cmake --build /home/ws/build/tesi -- -j12 -l12
[0.049s] [ 33%] Built target octo_publisher
[0.050s] [ 50%] [32mBuilding CXX object CMakeFiles/octo_planner.dir/tesi/src/octo_planner.cpp.o[0m
[0.055s] [ 83%] Built target octo_benchmark
[3.119s] [01m[K/home/ws/src/tesi/src/octo_planner.cpp:[m[K In member function â€˜[01m[Kbool OctoPlanner::isStateValid(const ompl::base::State*, DynamicEDTOctomap&)[m[Kâ€™:
[3.119s] [01m[K/home/ws/src/tesi/src/octo_planner.cpp:176:92:[m[K [01;35m[Kwarning: [m[Kvalue computed is not used [[01;35m[K]8;;https://gcc.gnu.org/onlinedocs/gcc/Warning-Options.html#index-Wunused-value-Wunused-value]8;;[m[K]
[3.120s]   176 |                 if ([01;35m[Kdistmap.getDistance(octomap::point3d((*pos)[0], (*pos)[1], (*pos)[2])) > 0.6[m[K;)
[3.120s]       |                     [01;35m[K~~~~~~~~~~~~~~~~~~~~~~~~~~~~~~~~~~~~~~~~~~~~~~~~~~~~~~~~~~~~~~~~~~~~~~~^~~~~[m[K
[3.120s] [01m[K/home/ws/src/tesi/src/octo_planner.cpp:176:98:[m[K [01;31m[Kerror: [m[Kexpected primary-expression before â€˜[01m[K)[m[Kâ€™ token
[3.120s]   176 |                 if (distmap.getDistance(octomap::point3d((*pos)[0], (*pos)[1], (*pos)[2])) > 0.6;[01;31m[K)[m[K
[3.120s]       |                                                                                                  [01;31m[K^[m[K
[5.117s] gmake[2]: *** [CMakeFiles/octo_planner.dir/build.make:76: CMakeFiles/octo_planner.dir/tesi/src/octo_planner.cpp.o] Error 1
[5.117s] gmake[1]: *** [CMakeFiles/Makefile2:167: CMakeFiles/octo_planner.dir/all] Error 2
[5.117s] gmake: *** [Makefile:146: all] Error 2
[5.119s] Invoked command in '/home/ws/build/tesi' returned '2': CMAKE_PREFIX_PATH=/opt/ros/humble /usr/bin/cmake --build /home/ws/build/tesi -- -j12 -l12
