[0.009s] Invoking command in '/home/ws/build/tesi': CMAKE_PREFIX_PATH=/opt/ros/humble /usr/bin/cmake --build /home/ws/build/tesi -- -j12 -l12
[0.059s] [35m[1mConsolidate compiler generated dependencies of target octo_planner[0m
[0.075s] [ 33%] Built target octo_publisher
[0.083s] [ 50%] [32mBuilding CXX object CMakeFiles/octo_planner.dir/tesi/src/octo_planner.cpp.o[0m
[0.089s] [ 83%] Built target octo_benchmark
[5.633s] [01m[K/home/ws/src/tesi/src/octo_planner.cpp:34:1:[m[K [01;31m[Kerror: [m[Kexpected class-name before â€˜[01m[K{[m[Kâ€™ token
[5.634s]    34 | [01;31m[K{[m[K
[5.634s]       | [01;31m[K^[m[K
[5.634s] [01m[K/home/ws/src/tesi/src/octo_planner.cpp:40:31:[m[K [01;31m[Kerror: [m[Kâ€˜[01m[Kompl::base::PlannerStatus RRTWithSmoothing::solve(const ompl::base::PlannerTerminationCondition&)[m[Kâ€™ marked â€˜[01m[Koverride[m[Kâ€™, but does not override
[5.634s]    40 |     ompl::base::PlannerStatus [01;31m[Ksolve[m[K(const ompl::base::PlannerTerminationCondition &ptc) override
[5.634s]       |                               [01;31m[K^~~~~[m[K
[5.634s] [01m[K/home/ws/src/tesi/src/octo_planner.cpp:[m[K In constructor â€˜[01m[KRRTWithSmoothing::RRTWithSmoothing(const SpaceInformationPtr&)[m[Kâ€™:
[5.634s] [01m[K/home/ws/src/tesi/src/octo_planner.cpp:36:87:[m[K [01;31m[Kerror: [m[Kexpected class-name before â€˜[01m[K([m[Kâ€™ token
[5.635s]    36 |     RRTWithSmoothing(const ompl::base::SpaceInformationPtr &si) : ompl::geometric::RRT[01;31m[K([m[Ksi)
[5.635s]       |                                                                                       [01;31m[K^[m[K
[5.635s] [01m[K/home/ws/src/tesi/src/octo_planner.cpp:36:87:[m[K [01;31m[Kerror: [m[Kexpected â€˜[01m[K{[m[Kâ€™ before â€˜[01m[K([m[Kâ€™ token
[5.635s] [01m[K/home/ws/src/tesi/src/octo_planner.cpp:36:61:[m[K [01;35m[Kwarning: [m[Kunused parameter â€˜[01m[Ksi[m[Kâ€™ [[01;35m[K]8;;https://gcc.gnu.org/onlinedocs/gcc/Warning-Options.html#index-Wunused-parameter-Wunused-parameter]8;;[m[K]
[5.635s]    36 |     RRTWithSmoothing([01;35m[Kconst ompl::base::SpaceInformationPtr &si[m[K) : ompl::geometric::RRT(si)
[5.635s]       |                      [01;35m[K~~~~~~~~~~~~~~~~~~~~~~~~~~~~~~~~~~~~~~~^~[m[K
[5.635s] [01m[K/home/ws/src/tesi/src/octo_planner.cpp:[m[K In member function â€˜[01m[Kompl::base::PlannerStatus RRTWithSmoothing::solve(const ompl::base::PlannerTerminationCondition&)[m[Kâ€™:
[5.635s] [01m[K/home/ws/src/tesi/src/octo_planner.cpp:43:61:[m[K [01;31m[Kerror: [m[Kâ€˜[01m[Kompl::geometric::RRT[m[Kâ€™ has not been declared
[5.635s]    43 |         ompl::base::PlannerStatus result = ompl::geometric::[01;31m[KRRT[m[K::solve(ptc);
[5.635s]       |                                                             [01;31m[K^~~[m[K
[5.643s] [01m[K/home/ws/src/tesi/src/octo_planner.cpp:49:83:[m[K [01;31m[Kerror: [m[Kâ€˜[01m[Kpdef_[m[Kâ€™ was not declared in this scope
[5.643s]    49 |             auto path = std::dynamic_pointer_cast<ompl::geometric::PathGeometric>([01;31m[Kpdef_[m[K->getSolutionPath());
[5.643s]       |                                                                                   [01;31m[K^~~~~[m[K
[5.653s] [01m[K/home/ws/src/tesi/src/octo_planner.cpp:55:60:[m[K [01;31m[Kerror: [m[Kâ€˜[01m[Ksi_[m[Kâ€™ was not declared in this scope; did you mean â€˜[01m[Ksin[m[Kâ€™?
[5.654s]    55 |                 ompl::geometric::PathSimplifier simplifier([01;31m[Ksi_[m[K);
[5.654s]       |                                                            [01;31m[K^~~[m[K
[5.654s]       |                                                            [32m[Ksin[m[K
[9.564s] gmake[2]: *** [CMakeFiles/octo_planner.dir/build.make:76: CMakeFiles/octo_planner.dir/tesi/src/octo_planner.cpp.o] Error 1
[9.564s] gmake[1]: *** [CMakeFiles/Makefile2:167: CMakeFiles/octo_planner.dir/all] Error 2
[9.564s] gmake: *** [Makefile:146: all] Error 2
[9.567s] Invoked command in '/home/ws/build/tesi' returned '2': CMAKE_PREFIX_PATH=/opt/ros/humble /usr/bin/cmake --build /home/ws/build/tesi -- -j12 -l12
