[0.014s] Invoking command in '/home/ws/build/tesi': CMAKE_PREFIX_PATH=/opt/ros/humble /usr/bin/cmake --build /home/ws/build/tesi -- -j12 -l12
[0.043s] [35m[1mConsolidate compiler generated dependencies of target octo_planner[0m
[0.052s] [ 33%] Built target octo_publisher
[0.053s] [ 66%] Built target octo_benchmark
[0.568s] [ 83%] [32mBuilding CXX object CMakeFiles/octo_planner.dir/tesi/src/octo_planner.cpp.o[0m
[3.561s] [01m[K/home/ws/src/tesi/src/octo_planner.cpp:[m[K In member function â€˜[01m[Kvoid OctoPlanner::octo_callback(const Octomap&)[m[Kâ€™:
[3.562s] [01m[K/home/ws/src/tesi/src/octo_planner.cpp:110:47:[m[K [01;31m[Kerror: [m[Kâ€˜[01m[KRRTstar[m[Kâ€™ is not a member of â€˜[01m[Kog[m[Kâ€™; did you mean â€˜[01m[KRRTsharp[m[Kâ€™?
[3.562s]   110 |             auto planner(std::make_shared<og::[01;31m[KRRTstar[m[K>(si));
[3.562s]       |                                               [01;31m[K^~~~~~~[m[K
[3.562s]       |                                               [32m[KRRTsharp[m[K
[3.562s] [01m[K/home/ws/src/tesi/src/octo_planner.cpp:110:55:[m[K [01;31m[Kerror: [m[Kno matching function for call to â€˜[01m[Kmake_shared<<expression error> >(std::shared_ptr<ompl::base::SpaceInformation>&)[m[Kâ€™
[3.562s]   110 |             auto planner([01;31m[Kstd::make_shared<og::RRTstar>(si)[m[K);
[3.562s]       |                          [01;31m[K~~~~~~~~~~~~~~~~~~~~~~~~~~~~~^~~~[m[K
[3.562s] In file included from [01m[K/usr/include/c++/11/memory:77[m[K,
[3.562s]                  from [01m[K/home/ws/src/tesi/src/octo_planner.cpp:1[m[K:
[3.562s] [01m[K/usr/include/c++/11/bits/shared_ptr.h:875:5:[m[K [01;36m[Knote: [m[Kcandidate: â€˜[01m[Ktemplate<class _Tp, class ... _Args> std::shared_ptr<_Tp> std::make_shared(_Args&& ...)[m[Kâ€™
[3.562s]   875 |     [01;36m[Kmake_shared[m[K(_Args&&... __args)
[3.562s]       |     [01;36m[K^~~~~~~~~~~[m[K
[3.562s] [01m[K/usr/include/c++/11/bits/shared_ptr.h:875:5:[m[K [01;36m[Knote: [m[K  template argument deduction/substitution failed:
[3.562s] [01m[K/home/ws/src/tesi/src/octo_planner.cpp:110:55:[m[K [01;31m[Kerror: [m[Ktemplate argument 1 is invalid
[3.562s]   110 |             auto planner([01;31m[Kstd::make_shared<og::RRTstar>(si)[m[K);
[3.562s]       |                          [01;31m[K~~~~~~~~~~~~~~~~~~~~~~~~~~~~~^~~~[m[K
[5.821s] gmake[2]: *** [CMakeFiles/octo_planner.dir/build.make:76: CMakeFiles/octo_planner.dir/tesi/src/octo_planner.cpp.o] Error 1
[5.821s] gmake[1]: *** [CMakeFiles/Makefile2:167: CMakeFiles/octo_planner.dir/all] Error 2
[5.821s] gmake: *** [Makefile:146: all] Error 2
[5.823s] Invoked command in '/home/ws/build/tesi' returned '2': CMAKE_PREFIX_PATH=/opt/ros/humble /usr/bin/cmake --build /home/ws/build/tesi -- -j12 -l12
