[0.008s] Invoking command in '/home/ws/build/tesi': CMAKE_PREFIX_PATH=/opt/ros/humble /usr/bin/cmake --build /home/ws/build/tesi -- -j12 -l12
[0.041s] [35m[1mConsolidate compiler generated dependencies of target octo_planner[0m
[0.051s] [ 50%] Built target octo_publisher
[0.057s] [ 75%] [32mBuilding CXX object CMakeFiles/octo_planner.dir/tesi/src/octo_planner.cpp.o[0m
[3.024s] [01m[K/home/ws/src/tesi/src/octo_planner.cpp:166:15:[m[K [01;31m[Kerror: [m[Kâ€˜[01m[Kbool OctoPlanner::isStateValid(const ompl::base::State*)[m[Kâ€™ marked â€˜[01m[Koverride[m[Kâ€™, but does not override
[3.024s]   166 |          bool [01;31m[KisStateValid[m[K(const ob::State *state) override
[3.024s]       |               [01;31m[K^~~~~~~~~~~~[m[K
[5.102s] gmake[2]: *** [CMakeFiles/octo_planner.dir/build.make:76: CMakeFiles/octo_planner.dir/tesi/src/octo_planner.cpp.o] Error 1
[5.103s] gmake[1]: *** [CMakeFiles/Makefile2:165: CMakeFiles/octo_planner.dir/all] Error 2
[5.103s] gmake: *** [Makefile:146: all] Error 2
[5.105s] Invoked command in '/home/ws/build/tesi' returned '2': CMAKE_PREFIX_PATH=/opt/ros/humble /usr/bin/cmake --build /home/ws/build/tesi -- -j12 -l12
