[0.008s] Invoking command in '/home/ws/build/tesi': CMAKE_PREFIX_PATH=/opt/ros/humble /usr/bin/cmake --build /home/ws/build/tesi -- -j12 -l12
[0.038s] [35m[1mConsolidate compiler generated dependencies of target octo_publisher[0m
[0.038s] [35m[1mConsolidate compiler generated dependencies of target octo_planner[0m
[0.051s] [ 50%] Built target octo_publisher
[0.053s] [ 75%] [32mBuilding CXX object CMakeFiles/octo_planner.dir/tesi/src/octo_planner.cpp.o[0m
[2.785s] [01m[K/home/ws/src/tesi/src/octo_planner.cpp:[m[K In lambda function:
[2.785s] [01m[K/home/ws/src/tesi/src/octo_planner.cpp:85:24:[m[K [01;31m[Kerror: [m[Kâ€˜[01m[KisStateValid[m[Kâ€™ was not declared in this scope
[2.785s]    85 |                 return [01;31m[KisStateValid[m[K(state, distmap);
[2.785s]       |                        [01;31m[K^~~~~~~~~~~~[m[K
[2.785s] [01m[K/home/ws/src/tesi/src/octo_planner.cpp:[m[K In member function â€˜[01m[Kvoid OctoPlanner::octo_callback(const Octomap&)[m[Kâ€™:
[2.786s] [01m[K/home/ws/src/tesi/src/octo_planner.cpp:83:40:[m[K [01;31m[Kerror: [m[Kno matching function for call to â€˜[01m[Kompl::base::SpaceInformation::setStateValidityChecker(OctoPlanner::octo_callback(const Octomap&)::<lambda(const ompl::base::State*)>)[m[Kâ€™
[2.786s]    83 |             [01;31m[Ksi->setStateValidityChecker([this, &distmap](const ob::State *state)[m[K
[2.786s]       |             [01;31m[K~~~~~~~~~~~~~~~~~~~~~~~~~~~^~~~~~~~~~~~~~~~~~~~~~~~~~~~~~~~~~~~~~~~~[m[K
[2.786s]    84 | [01;31m[K            {[m[K
[2.786s]       |             [01;31m[K~[m[K                           
[2.786s]    85 | [01;31m[K                return isStateValid(state, distmap);[m[K
[2.786s]       |                 [01;31m[K~~~~~~~~~~~~~~~~~~~~~~~~~~~~~~~~~~~~[m[K
[2.786s]    86 | [01;31m[K            })[m[K;
[2.786s]       |             [01;31m[K~~[m[K                          
[2.786s] In file included from [01m[K/home/ws/src/tesi/src/octo_planner.cpp:8[m[K:
[2.786s] [01m[K/usr/include/ompl-1.5/ompl/base/SpaceInformation.h:146:18:[m[K [01;36m[Knote: [m[Kcandidate: â€˜[01m[Kvoid ompl::base::SpaceInformation::setStateValidityChecker(const StateValidityCheckerPtr&)[m[Kâ€™
[2.786s]   146 |             void [01;36m[KsetStateValidityChecker[m[K(const StateValidityCheckerPtr &svc)
[2.786s]       |                  [01;36m[K^~~~~~~~~~~~~~~~~~~~~~~[m[K
[2.786s] [01m[K/usr/include/ompl-1.5/ompl/base/SpaceInformation.h:146:73:[m[K [01;36m[Knote: [m[K  no known conversion for argument 1 from â€˜[01m[KOctoPlanner::octo_callback(const Octomap&)::<lambda(const ompl::base::State*)>[m[Kâ€™ to â€˜[01m[Kconst StateValidityCheckerPtr&[m[Kâ€™ {aka â€˜[01m[Kconst std::shared_ptr<ompl::base::StateValidityChecker>&[m[Kâ€™}
[2.786s]   146 |             void setStateValidityChecker([01;36m[Kconst StateValidityCheckerPtr &svc[m[K)
[2.786s]       |                                          [01;36m[K~~~~~~~~~~~~~~~~~~~~~~~~~~~~~~~^~~[m[K
[2.786s] [01m[K/usr/include/ompl-1.5/ompl/base/SpaceInformation.h:157:18:[m[K [01;36m[Knote: [m[Kcandidate: â€˜[01m[Kvoid ompl::base::SpaceInformation::setStateValidityChecker(const StateValidityCheckerFn&)[m[Kâ€™
[2.786s]   157 |             void [01;36m[KsetStateValidityChecker[m[K(const StateValidityCheckerFn &svc);
[2.786s]       |                  [01;36m[K^~~~~~~~~~~~~~~~~~~~~~~[m[K
[2.787s] [01m[K/usr/include/ompl-1.5/ompl/base/SpaceInformation.h:157:72:[m[K [01;36m[Knote: [m[K  no known conversion for argument 1 from â€˜[01m[KOctoPlanner::octo_callback(const Octomap&)::<lambda(const ompl::base::State*)>[m[Kâ€™ to â€˜[01m[Kconst StateValidityCheckerFn&[m[Kâ€™ {aka â€˜[01m[Kconst std::function<bool(const ompl::base::State*)>&[m[Kâ€™}
[2.787s]   157 |             void setStateValidityChecker([01;36m[Kconst StateValidityCheckerFn &svc[m[K);
[2.787s]       |                                          [01;36m[K~~~~~~~~~~~~~~~~~~~~~~~~~~~~~~^~~[m[K
[4.596s] gmake[2]: *** [CMakeFiles/octo_planner.dir/build.make:76: CMakeFiles/octo_planner.dir/tesi/src/octo_planner.cpp.o] Error 1
[4.596s] gmake[1]: *** [CMakeFiles/Makefile2:165: CMakeFiles/octo_planner.dir/all] Error 2
[4.596s] gmake: *** [Makefile:146: all] Error 2
[4.597s] Invoked command in '/home/ws/build/tesi' returned '2': CMAKE_PREFIX_PATH=/opt/ros/humble /usr/bin/cmake --build /home/ws/build/tesi -- -j12 -l12
