[35m[1mConsolidate compiler generated dependencies of target octo_planner[0m
[ 33%] Built target octo_publisher
[ 66%] Built target octo_benchmark
[ 83%] [32mBuilding CXX object CMakeFiles/octo_planner.dir/tesi/src/octo_planner.cpp.o[0m
[01m[K/home/ws/src/tesi/src/octo_planner.cpp:[m[K In member function â€˜[01m[Kvoid OctoPlanner::octo_callback(const Octomap&)[m[Kâ€™:
[01m[K/home/ws/src/tesi/src/octo_planner.cpp:110:61:[m[K [01;31m[Kerror: [m[Kno matching function for call to â€˜[01m[Kmake_shared<template<class T> class ompl::geometric::MultiQuotient>(std::shared_ptr<ompl::base::SpaceInformation>&)[m[Kâ€™
  110 |             auto planner([01;31m[Kstd::make_shared<og::MultiQuotient>(si)[m[K);
      |                          [01;31m[K~~~~~~~~~~~~~~~~~~~~~~~~~~~~~~~~~~~^~~~[m[K
In file included from [01m[K/usr/include/c++/11/memory:77[m[K,
                 from [01m[K/home/ws/src/tesi/src/octo_planner.cpp:1[m[K:
[01m[K/usr/include/c++/11/bits/shared_ptr.h:875:5:[m[K [01;36m[Knote: [m[Kcandidate: â€˜[01m[Ktemplate<class _Tp, class ... _Args> std::shared_ptr<_Tp> std::make_shared(_Args&& ...)[m[Kâ€™
  875 |     [01;36m[Kmake_shared[m[K(_Args&&... __args)
      |     [01;36m[K^~~~~~~~~~~[m[K
[01m[K/usr/include/c++/11/bits/shared_ptr.h:875:5:[m[K [01;36m[Knote: [m[K  template argument deduction/substitution failed:
[01m[K/home/ws/src/tesi/src/octo_planner.cpp:110:61:[m[K [01;31m[Kerror: [m[Ktype/value mismatch at argument 1 in template parameter list for â€˜[01m[Ktemplate<class _Tp, class ... _Args> std::shared_ptr<_Tp> std::make_shared(_Args&& ...)[m[Kâ€™
  110 |             auto planner([01;31m[Kstd::make_shared<og::MultiQuotient>(si)[m[K);
      |                          [01;31m[K~~~~~~~~~~~~~~~~~~~~~~~~~~~~~~~~~~~^~~~[m[K
[01m[K/home/ws/src/tesi/src/octo_planner.cpp:110:61:[m[K [01;36m[Knote: [m[K  expected a type, got â€˜[01m[KMultiQuotient[m[Kâ€™
gmake[2]: *** [CMakeFiles/octo_planner.dir/build.make:76: CMakeFiles/octo_planner.dir/tesi/src/octo_planner.cpp.o] Error 1
gmake[1]: *** [CMakeFiles/Makefile2:167: CMakeFiles/octo_planner.dir/all] Error 2
gmake: *** [Makefile:146: all] Error 2
